  GameLayer.cpp
E:\SEV\ampliacion_plataformas - copia\Plataformas_UO269412\NavesL4\NavesL4\Audio.h(6,10): warning C4067: símbolos (token) inesperados después de la directiva del preprocesador; se esperaba una nueva línea
E:\SEV\ampliacion_plataformas - copia\Plataformas_UO269412\NavesL4\NavesL4\GameLayer.cpp(18,91): warning C4305: 'argumento': truncamiento de 'double' a 'float'
E:\SEV\ampliacion_plataformas - copia\Plataformas_UO269412\NavesL4\NavesL4\GameLayer.cpp(19,95): warning C4305: 'argumento': truncamiento de 'double' a 'float'
E:\SEV\ampliacion_plataformas - copia\Plataformas_UO269412\NavesL4\NavesL4\GameLayer.cpp(37,66): warning C4305: 'argumento': truncamiento de 'double' a 'float'
E:\SEV\ampliacion_plataformas - copia\Plataformas_UO269412\NavesL4\NavesL4\GameLayer.cpp(41,72): warning C4305: 'argumento': truncamiento de 'double' a 'float'
E:\SEV\ampliacion_plataformas - copia\Plataformas_UO269412\NavesL4\NavesL4\GameLayer.cpp(78,13): warning C4244: 'inicializando': conversión de 'int' a 'float'; posible pérdida de datos
E:\SEV\ampliacion_plataformas - copia\Plataformas_UO269412\NavesL4\NavesL4\GameLayer.cpp(79,13): warning C4244: 'inicializando': conversión de 'int' a 'float'; posible pérdida de datos
E:\SEV\ampliacion_plataformas - copia\Plataformas_UO269412\NavesL4\NavesL4\GameLayer.cpp(367,24): warning C4244: '=': conversión de 'double' a 'float'; posible pérdida de datos
E:\SEV\ampliacion_plataformas - copia\Plataformas_UO269412\NavesL4\NavesL4\GameLayer.cpp(374,24): warning C4244: '=': conversión de 'double' a 'float'; posible pérdida de datos
E:\SEV\ampliacion_plataformas - copia\Plataformas_UO269412\NavesL4\NavesL4\GameLayer.cpp(478,35): warning C4244: 'argumento': conversión de 'float' a 'int'; posible pérdida de datos
E:\SEV\ampliacion_plataformas - copia\Plataformas_UO269412\NavesL4\NavesL4\GameLayer.cpp(478,26): warning C4244: 'argumento': conversión de 'float' a 'int'; posible pérdida de datos
E:\SEV\ampliacion_plataformas - copia\Plataformas_UO269412\NavesL4\NavesL4\GameLayer.cpp(481,39): warning C4244: '=': conversión de 'float' a 'int'; posible pérdida de datos
E:\SEV\ampliacion_plataformas - copia\Plataformas_UO269412\NavesL4\NavesL4\GameLayer.cpp(483,43): warning C4244: 'argumento': conversión de 'float' a 'int'; posible pérdida de datos
E:\SEV\ampliacion_plataformas - copia\Plataformas_UO269412\NavesL4\NavesL4\GameLayer.cpp(483,34): warning C4244: 'argumento': conversión de 'float' a 'int'; posible pérdida de datos
E:\SEV\ampliacion_plataformas - copia\Plataformas_UO269412\NavesL4\NavesL4\GameLayer.cpp(486,42): warning C4244: 'argumento': conversión de 'float' a 'int'; posible pérdida de datos
E:\SEV\ampliacion_plataformas - copia\Plataformas_UO269412\NavesL4\NavesL4\GameLayer.cpp(486,33): warning C4244: 'argumento': conversión de 'float' a 'int'; posible pérdida de datos
E:\SEV\ampliacion_plataformas - copia\Plataformas_UO269412\NavesL4\NavesL4\GameLayer.cpp(493,51): warning C4244: 'argumento': conversión de 'float' a 'int'; posible pérdida de datos
E:\SEV\ampliacion_plataformas - copia\Plataformas_UO269412\NavesL4\NavesL4\GameLayer.cpp(493,42): warning C4244: 'argumento': conversión de 'float' a 'int'; posible pérdida de datos
E:\SEV\ampliacion_plataformas - copia\Plataformas_UO269412\NavesL4\NavesL4\GameLayer.cpp(494,39): warning C4244: '=': conversión de 'float' a 'int'; posible pérdida de datos
E:\SEV\ampliacion_plataformas - copia\Plataformas_UO269412\NavesL4\NavesL4\GameLayer.cpp(505,43): warning C4244: 'argumento': conversión de 'float' a 'int'; posible pérdida de datos
E:\SEV\ampliacion_plataformas - copia\Plataformas_UO269412\NavesL4\NavesL4\GameLayer.cpp(505,34): warning C4244: 'argumento': conversión de 'float' a 'int'; posible pérdida de datos
E:\SEV\ampliacion_plataformas - copia\Plataformas_UO269412\NavesL4\NavesL4\GameLayer.cpp(508,42): warning C4244: 'argumento': conversión de 'float' a 'int'; posible pérdida de datos
E:\SEV\ampliacion_plataformas - copia\Plataformas_UO269412\NavesL4\NavesL4\GameLayer.cpp(508,33): warning C4244: 'argumento': conversión de 'float' a 'int'; posible pérdida de datos
E:\SEV\ampliacion_plataformas - copia\Plataformas_UO269412\NavesL4\NavesL4\GameLayer.cpp(515,35): warning C4244: 'argumento': conversión de 'float' a 'int'; posible pérdida de datos
E:\SEV\ampliacion_plataformas - copia\Plataformas_UO269412\NavesL4\NavesL4\GameLayer.cpp(515,26): warning C4244: 'argumento': conversión de 'float' a 'int'; posible pérdida de datos
E:\SEV\ampliacion_plataformas - copia\Plataformas_UO269412\NavesL4\NavesL4\GameLayer.cpp(521,43): warning C4244: 'argumento': conversión de 'float' a 'int'; posible pérdida de datos
E:\SEV\ampliacion_plataformas - copia\Plataformas_UO269412\NavesL4\NavesL4\GameLayer.cpp(521,34): warning C4244: 'argumento': conversión de 'float' a 'int'; posible pérdida de datos
E:\SEV\ampliacion_plataformas - copia\Plataformas_UO269412\NavesL4\NavesL4\GameLayer.cpp(524,42): warning C4244: 'argumento': conversión de 'float' a 'int'; posible pérdida de datos
E:\SEV\ampliacion_plataformas - copia\Plataformas_UO269412\NavesL4\NavesL4\GameLayer.cpp(524,33): warning C4244: 'argumento': conversión de 'float' a 'int'; posible pérdida de datos
  NavesL4.vcxproj -> E:\SEV\ampliacion_plataformas - copia\Plataformas_UO269412\NavesL4\Debug\NavesL4.exe
