d:\sev\ampliacion_plataformas - copia\plataformas_uo269412\navesl4\navesl4\release\vc142.pdb
e:\sev\ampliacion_plataformas - copia\plataformas_uo269412\navesl4\navesl4\release\vc142.pdb
e:\sev\ampliacion_plataformas - copia\plataformas_uo269412\navesl4\navesl4\release\space.obj
e:\sev\ampliacion_plataformas - copia\plataformas_uo269412\navesl4\navesl4\release\bola.obj
e:\sev\ampliacion_plataformas - copia\plataformas_uo269412\navesl4\navesl4\release\player.obj
e:\sev\ampliacion_plataformas - copia\plataformas_uo269412\navesl4\navesl4\release\pad.obj
e:\sev\ampliacion_plataformas - copia\plataformas_uo269412\navesl4\navesl4\release\menulayer.obj
e:\sev\ampliacion_plataformas - copia\plataformas_uo269412\navesl4\navesl4\release\mejoravelocidad.obj
e:\sev\ampliacion_plataformas - copia\plataformas_uo269412\navesl4\navesl4\release\mejoratresbolas.obj
e:\sev\ampliacion_plataformas - copia\plataformas_uo269412\navesl4\navesl4\release\mejoratamaño.obj
e:\sev\ampliacion_plataformas - copia\plataformas_uo269412\navesl4\navesl4\release\mejorapegajosa.obj
e:\sev\ampliacion_plataformas - copia\plataformas_uo269412\navesl4\navesl4\release\mejorafuego.obj
e:\sev\ampliacion_plataformas - copia\plataformas_uo269412\navesl4\navesl4\release\mejorabolagrande.obj
e:\sev\ampliacion_plataformas - copia\plataformas_uo269412\navesl4\navesl4\release\main.obj
e:\sev\ampliacion_plataformas - copia\plataformas_uo269412\navesl4\navesl4\release\layer.obj
e:\sev\ampliacion_plataformas - copia\plataformas_uo269412\navesl4\navesl4\release\gamelayer.obj
e:\sev\ampliacion_plataformas - copia\plataformas_uo269412\navesl4\navesl4\release\game.obj
e:\sev\ampliacion_plataformas - copia\plataformas_uo269412\navesl4\navesl4\release\mejora.obj
e:\sev\ampliacion_plataformas - copia\plataformas_uo269412\navesl4\navesl4\release\background.obj
e:\sev\ampliacion_plataformas - copia\plataformas_uo269412\navesl4\navesl4\release\audio.obj
e:\sev\ampliacion_plataformas - copia\plataformas_uo269412\navesl4\navesl4\release\animation.obj
e:\sev\ampliacion_plataformas - copia\plataformas_uo269412\navesl4\navesl4\release\actor.obj
e:\sev\ampliacion_plataformas - copia\plataformas_uo269412\navesl4\navesl4\release\tile.obj
e:\sev\ampliacion_plataformas - copia\plataformas_uo269412\navesl4\navesl4\release\text.obj
e:\sev\ampliacion_plataformas - copia\plataformas_uo269412\navesl4\navesl4\release\enemy.obj
e:\sev\ampliacion_plataformas - copia\plataformas_uo269412\navesl4\navesl4\release\projectile.obj
e:\sev\ampliacion_plataformas - copia\plataformas_uo269412\navesl4\navesl4\release\coleccionable.obj
e:\sev\ampliacion_plataformas - copia\plataformas_uo269412\navesl4\navesl4\release\navesl4.ipdb
e:\sev\ampliacion_plataformas - copia\plataformas_uo269412\navesl4\navesl4\release\navesl4.iobj
e:\sev\ampliacion_plataformas - copia\plataformas_uo269412\navesl4\release\navesl4.pdb
e:\sev\ampliacion_plataformas - copia\plataformas_uo269412\navesl4\navesl4\release\navesl4.tlog\cl.command.1.tlog
e:\sev\ampliacion_plataformas - copia\plataformas_uo269412\navesl4\navesl4\release\navesl4.tlog\cl.read.1.tlog
e:\sev\ampliacion_plataformas - copia\plataformas_uo269412\navesl4\navesl4\release\navesl4.tlog\cl.write.1.tlog
e:\sev\ampliacion_plataformas - copia\plataformas_uo269412\navesl4\navesl4\release\navesl4.tlog\link.command.1.tlog
e:\sev\ampliacion_plataformas - copia\plataformas_uo269412\navesl4\navesl4\release\navesl4.tlog\link.read.1.tlog
e:\sev\ampliacion_plataformas - copia\plataformas_uo269412\navesl4\navesl4\release\navesl4.tlog\link.write.1.tlog
