  GameLayer.cpp
D:\SEV\ampliacion_plataformas - copia\Plataformas_UO269412\NavesL4\NavesL4\Audio.h(6,10): warning C4067: símbolos (token) inesperados después de la directiva del preprocesador; se esperaba una nueva línea
D:\SEV\ampliacion_plataformas - copia\Plataformas_UO269412\NavesL4\NavesL4\GameLayer.cpp(45,66): warning C4305: 'argumento': truncamiento de 'double' a 'float'
D:\SEV\ampliacion_plataformas - copia\Plataformas_UO269412\NavesL4\NavesL4\GameLayer.cpp(76,13): warning C4244: 'inicializando': conversión de 'int' a 'float'; posible pérdida de datos
D:\SEV\ampliacion_plataformas - copia\Plataformas_UO269412\NavesL4\NavesL4\GameLayer.cpp(77,13): warning C4244: 'inicializando': conversión de 'int' a 'float'; posible pérdida de datos
D:\SEV\ampliacion_plataformas - copia\Plataformas_UO269412\NavesL4\NavesL4\GameLayer.cpp(182,71): warning C4244: 'argumento': conversión de 'int' a 'float'; posible pérdida de datos
D:\SEV\ampliacion_plataformas - copia\Plataformas_UO269412\NavesL4\NavesL4\GameLayer.cpp(182,68): warning C4244: 'argumento': conversión de 'int' a 'float'; posible pérdida de datos
D:\SEV\ampliacion_plataformas - copia\Plataformas_UO269412\NavesL4\NavesL4\GameLayer.cpp(187,69): warning C4244: 'argumento': conversión de 'int' a 'float'; posible pérdida de datos
D:\SEV\ampliacion_plataformas - copia\Plataformas_UO269412\NavesL4\NavesL4\GameLayer.cpp(187,66): warning C4244: 'argumento': conversión de 'int' a 'float'; posible pérdida de datos
D:\SEV\ampliacion_plataformas - copia\Plataformas_UO269412\NavesL4\NavesL4\GameLayer.cpp(192,70): warning C4244: 'argumento': conversión de 'int' a 'float'; posible pérdida de datos
D:\SEV\ampliacion_plataformas - copia\Plataformas_UO269412\NavesL4\NavesL4\GameLayer.cpp(192,67): warning C4244: 'argumento': conversión de 'int' a 'float'; posible pérdida de datos
D:\SEV\ampliacion_plataformas - copia\Plataformas_UO269412\NavesL4\NavesL4\GameLayer.cpp(197,71): warning C4244: 'argumento': conversión de 'int' a 'float'; posible pérdida de datos
D:\SEV\ampliacion_plataformas - copia\Plataformas_UO269412\NavesL4\NavesL4\GameLayer.cpp(197,68): warning C4244: 'argumento': conversión de 'int' a 'float'; posible pérdida de datos
D:\SEV\ampliacion_plataformas - copia\Plataformas_UO269412\NavesL4\NavesL4\GameLayer.cpp(202,67): warning C4244: 'argumento': conversión de 'int' a 'float'; posible pérdida de datos
D:\SEV\ampliacion_plataformas - copia\Plataformas_UO269412\NavesL4\NavesL4\GameLayer.cpp(202,64): warning C4244: 'argumento': conversión de 'int' a 'float'; posible pérdida de datos
D:\SEV\ampliacion_plataformas - copia\Plataformas_UO269412\NavesL4\NavesL4\GameLayer.cpp(214,12): warning C4244: 'argumento': conversión de 'time_t' a 'unsigned int'; posible pérdida de datos
D:\SEV\ampliacion_plataformas - copia\Plataformas_UO269412\NavesL4\NavesL4\GameLayer.cpp(277,46): warning C4244: 'argumento': conversión de 'int' a 'float'; posible pérdida de datos
D:\SEV\ampliacion_plataformas - copia\Plataformas_UO269412\NavesL4\NavesL4\GameLayer.cpp(277,37): warning C4244: 'argumento': conversión de 'int' a 'float'; posible pérdida de datos
D:\SEV\ampliacion_plataformas - copia\Plataformas_UO269412\NavesL4\NavesL4\GameLayer.cpp(278,46): warning C4244: 'argumento': conversión de 'int' a 'float'; posible pérdida de datos
D:\SEV\ampliacion_plataformas - copia\Plataformas_UO269412\NavesL4\NavesL4\GameLayer.cpp(278,37): warning C4244: 'argumento': conversión de 'int' a 'float'; posible pérdida de datos
D:\SEV\ampliacion_plataformas - copia\Plataformas_UO269412\NavesL4\NavesL4\GameLayer.cpp(342,54): warning C4244: 'argumento': conversión de 'int' a 'float'; posible pérdida de datos
D:\SEV\ampliacion_plataformas - copia\Plataformas_UO269412\NavesL4\NavesL4\GameLayer.cpp(342,45): warning C4244: 'argumento': conversión de 'int' a 'float'; posible pérdida de datos
D:\SEV\ampliacion_plataformas - copia\Plataformas_UO269412\NavesL4\NavesL4\GameLayer.cpp(373,55): warning C4244: 'argumento': conversión de 'int' a 'float'; posible pérdida de datos
D:\SEV\ampliacion_plataformas - copia\Plataformas_UO269412\NavesL4\NavesL4\GameLayer.cpp(373,46): warning C4244: 'argumento': conversión de 'int' a 'float'; posible pérdida de datos
D:\SEV\ampliacion_plataformas - copia\Plataformas_UO269412\NavesL4\NavesL4\GameLayer.cpp(433,29): warning C4244: 'inicializando': conversión de 'int' a 'float'; posible pérdida de datos
D:\SEV\ampliacion_plataformas - copia\Plataformas_UO269412\NavesL4\NavesL4\GameLayer.cpp(735,35): warning C4244: 'argumento': conversión de 'float' a 'int'; posible pérdida de datos
D:\SEV\ampliacion_plataformas - copia\Plataformas_UO269412\NavesL4\NavesL4\GameLayer.cpp(735,26): warning C4244: 'argumento': conversión de 'float' a 'int'; posible pérdida de datos
D:\SEV\ampliacion_plataformas - copia\Plataformas_UO269412\NavesL4\NavesL4\GameLayer.cpp(738,39): warning C4244: '=': conversión de 'float' a 'int'; posible pérdida de datos
D:\SEV\ampliacion_plataformas - copia\Plataformas_UO269412\NavesL4\NavesL4\GameLayer.cpp(740,43): warning C4244: 'argumento': conversión de 'float' a 'int'; posible pérdida de datos
D:\SEV\ampliacion_plataformas - copia\Plataformas_UO269412\NavesL4\NavesL4\GameLayer.cpp(740,34): warning C4244: 'argumento': conversión de 'float' a 'int'; posible pérdida de datos
D:\SEV\ampliacion_plataformas - copia\Plataformas_UO269412\NavesL4\NavesL4\GameLayer.cpp(748,51): warning C4244: 'argumento': conversión de 'float' a 'int'; posible pérdida de datos
D:\SEV\ampliacion_plataformas - copia\Plataformas_UO269412\NavesL4\NavesL4\GameLayer.cpp(748,42): warning C4244: 'argumento': conversión de 'float' a 'int'; posible pérdida de datos
D:\SEV\ampliacion_plataformas - copia\Plataformas_UO269412\NavesL4\NavesL4\GameLayer.cpp(749,39): warning C4244: '=': conversión de 'float' a 'int'; posible pérdida de datos
D:\SEV\ampliacion_plataformas - copia\Plataformas_UO269412\NavesL4\NavesL4\GameLayer.cpp(760,43): warning C4244: 'argumento': conversión de 'float' a 'int'; posible pérdida de datos
D:\SEV\ampliacion_plataformas - copia\Plataformas_UO269412\NavesL4\NavesL4\GameLayer.cpp(760,34): warning C4244: 'argumento': conversión de 'float' a 'int'; posible pérdida de datos
D:\SEV\ampliacion_plataformas - copia\Plataformas_UO269412\NavesL4\NavesL4\GameLayer.cpp(768,35): warning C4244: 'argumento': conversión de 'float' a 'int'; posible pérdida de datos
D:\SEV\ampliacion_plataformas - copia\Plataformas_UO269412\NavesL4\NavesL4\GameLayer.cpp(768,26): warning C4244: 'argumento': conversión de 'float' a 'int'; posible pérdida de datos
D:\SEV\ampliacion_plataformas - copia\Plataformas_UO269412\NavesL4\NavesL4\GameLayer.cpp(774,43): warning C4244: 'argumento': conversión de 'float' a 'int'; posible pérdida de datos
D:\SEV\ampliacion_plataformas - copia\Plataformas_UO269412\NavesL4\NavesL4\GameLayer.cpp(774,34): warning C4244: 'argumento': conversión de 'float' a 'int'; posible pérdida de datos
  Generando código
  3 of 788 functions ( 0.4%) were compiled, the rest were copied from previous compilation.
    0 functions were new in current compilation
    45 functions had inline decision re-evaluated but remain unchanged
  Generación de código finalizada
  NavesL4.vcxproj -> D:\SEV\ampliacion_plataformas - copia\Plataformas_UO269412\NavesL4\Release\NavesL4.exe
